=============================================================
Client data ratio: [0.0359  0.05182 0.0546  0.05648 0.0285  0.05506 0.05248 0.03318 0.0413
 0.05912 0.05272 0.07426 0.0817  0.0548  0.06088 0.05842 0.01898 0.0348
 0.04308 0.05192]
=============================================================
Server Init Network Success!
======================== Round: 0 ========================
Test_loss: 2.300 | Test_accuracy: 10.000 | Train_loss: 1.196 | Client: 4
===========================================================
======================== Round: 1 ========================
Test_loss: 2.297 | Test_accuracy: 16.140 | Train_loss: 1.730 | Client: 0
===========================================================
======================== Round: 2 ========================
Test_loss: 2.292 | Test_accuracy: 17.350 | Train_loss: 1.395 | Client: 17
===========================================================
======================== Round: 3 ========================
Test_loss: 2.285 | Test_accuracy: 17.860 | Train_loss: 1.479 | Client: 18
===========================================================
======================== Round: 4 ========================
Test_loss: 2.275 | Test_accuracy: 17.190 | Train_loss: 1.628 | Client: 9
===========================================================
======================== Round: 5 ========================
Test_loss: 2.269 | Test_accuracy: 18.860 | Train_loss: 1.817 | Client: 7
===========================================================
======================== Round: 6 ========================
Test_loss: 2.264 | Test_accuracy: 19.760 | Train_loss: 1.738 | Client: 16
===========================================================
======================== Round: 7 ========================
Test_loss: 2.264 | Test_accuracy: 17.280 | Train_loss: 1.413 | Client: 2
===========================================================
======================== Round: 8 ========================
Test_loss: 2.260 | Test_accuracy: 20.350 | Train_loss: 1.221 | Client: 14
===========================================================
======================== Round: 9 ========================
Test_loss: 2.255 | Test_accuracy: 19.900 | Train_loss: 1.828 | Client: 10
===========================================================
======================== Round: 10 ========================
