=============================================================
Client data ratio: [0.0359  0.05182 0.0546  0.05648 0.0285  0.05506 0.05248 0.03318 0.0413
 0.05912 0.05272 0.07426 0.0817  0.0548  0.06088 0.05842 0.01898 0.0348
 0.04308 0.05192]
=============================================================
Server Init Network Success!
======================== Round: 0 ========================
Test_loss: 2.290 | Test_accuracy: 10.00 | Tier_train_loss: 1.339 | Edge_server_id (Tier leader): 16
===========================================================
======================== Round: 1 ========================
Test_loss: 2.263 | Test_accuracy: 12.97 | Tier_train_loss: 1.480 | Edge_server_id (Tier leader): 0
===========================================================
======================== Round: 2 ========================
Test_loss: 2.257 | Test_accuracy: 20.29 | Tier_train_loss: 1.393 | Edge_server_id (Tier leader): 4
===========================================================
======================== Round: 3 ========================
Test_loss: 2.223 | Test_accuracy: 21.87 | Tier_train_loss: 1.537 | Edge_server_id (Tier leader): 8
===========================================================
======================== Round: 4 ========================
Test_loss: 2.206 | Test_accuracy: 24.13 | Tier_train_loss: 1.174 | Edge_server_id (Tier leader): 12
===========================================================
======================== Round: 5 ========================
Test_loss: 2.197 | Test_accuracy: 22.02 | Tier_train_loss: 1.309 | Edge_server_id (Tier leader): 16
===========================================================
======================== Round: 6 ========================
Test_loss: 2.185 | Test_accuracy: 22.14 | Tier_train_loss: 1.398 | Edge_server_id (Tier leader): 0
===========================================================
======================== Round: 7 ========================
Test_loss: 2.170 | Test_accuracy: 22.62 | Tier_train_loss: 1.305 | Edge_server_id (Tier leader): 4
===========================================================
======================== Round: 8 ========================
Test_loss: 2.146 | Test_accuracy: 23.86 | Tier_train_loss: 1.450 | Edge_server_id (Tier leader): 8
===========================================================
======================== Round: 9 ========================
Test_loss: 2.126 | Test_accuracy: 25.46 | Tier_train_loss: 1.110 | Edge_server_id (Tier leader): 12
===========================================================
======================== Round: 10 ========================
Test_loss: 2.115 | Test_accuracy: 25.26 | Tier_train_loss: 1.279 | Edge_server_id (Tier leader): 16
===========================================================
======================== Round: 11 ========================
Test_loss: 2.098 | Test_accuracy: 27.30 | Tier_train_loss: 1.327 | Edge_server_id (Tier leader): 0
===========================================================
======================== Round: 12 ========================
Test_loss: 2.077 | Test_accuracy: 24.84 | Tier_train_loss: 1.274 | Edge_server_id (Tier leader): 4
===========================================================
======================== Round: 13 ========================
Test_loss: 2.049 | Test_accuracy: 27.34 | Tier_train_loss: 1.423 | Edge_server_id (Tier leader): 8
===========================================================
======================== Round: 14 ========================
Test_loss: 2.032 | Test_accuracy: 28.04 | Tier_train_loss: 1.108 | Edge_server_id (Tier leader): 12
===========================================================
======================== Round: 15 ========================
Test_loss: 2.025 | Test_accuracy: 28.02 | Tier_train_loss: 1.222 | Edge_server_id (Tier leader): 16
===========================================================
======================== Round: 16 ========================
Test_loss: 2.004 | Test_accuracy: 29.13 | Tier_train_loss: 1.420 | Edge_server_id (Tier leader): 0
===========================================================
======================== Round: 17 ========================
Test_loss: 1.990 | Test_accuracy: 27.64 | Tier_train_loss: 1.308 | Edge_server_id (Tier leader): 4
===========================================================
======================== Round: 18 ========================
Test_loss: 1.967 | Test_accuracy: 28.33 | Tier_train_loss: 1.364 | Edge_server_id (Tier leader): 8
===========================================================
======================== Round: 19 ========================
Test_loss: 1.949 | Test_accuracy: 30.59 | Tier_train_loss: 1.082 | Edge_server_id (Tier leader): 12
===========================================================
